19c0 start_logger              154 ---- 2022/10/29 10:47:33.105 -------------------------------------------------
19c0 start_logger              160 Host process is 'cmd.exe' (pid 6592)
19c0 start_logger              164 DLL path is 'C:\workspace-personal\github\tools-windows\cmder\vendor\clink'
19c0 start_logger              178 Windows version 10.0.22000 (x64)
19c0 start_logger              181 Clink version 1.2.46.69fc92 (x64)
19c0 hook_setter::hook_setter  156 >>> Started hook transaction.
19c0 hook_setter::attach_iat   313 Attempting to hook SetEnvironmentVariableW in IAT for module 00007FF6FF870000.
19c0 pe_info::iterate_imports  160 Found import in 'api-ms-win-core-processenvironment-l1-1-0.dll'
19c0 find_iat                  121 Found import at 00007FF6FF8A88D0 (value is 00007FFC0386E9A0).
19c0 hook_setter::attach_iat   313 Attempting to hook WriteConsoleW in IAT for module 00007FF6FF870000.
19c0 pe_info::iterate_imports  160 Found import in 'api-ms-win-core-console-l1-1-0.dll'
19c0 find_iat                  121 Found import at 00007FF6FF8A8550 (value is 00007FFC038361A0).
19c0 hook_setter::attach_iat   313 Attempting to hook GetEnvironmentVariableW in IAT for module 00007FF6FF870000.
19c0 pe_info::iterate_imports  160 Found import in 'api-ms-win-core-processenvironment-l1-1-0.dll'
19c0 find_iat                  121 Found import at 00007FF6FF8A88C0 (value is 00007FFC03844830).
19c0 hook_setter::commit       204 <<< Hook transaction committed.
19c0 hook_setter::hook_setter  156 >>> Started hook transaction.
19c0 hook_setter::detach_iat   356 Attempting to unhook 00007FFBEC63ADF0 from GetEnvironmentVariableW in IAT for module 00007FF6FF870000.
19c0 pe_info::iterate_imports  160 Found import in 'api-ms-win-core-processenvironment-l1-1-0.dll'
19c0 find_iat                  121 Found import at 00007FF6FF8A88C0 (value is 00007FFBEC63ADF0).
19c0 hook_setter::commit       204 <<< Hook transaction committed.
19c0 hook_setter::hook_setter  156 >>> Started hook transaction.
19c0 hook_setter::attach_iat   313 Attempting to hook ReadConsoleW in IAT for module 00007FF6FF870000.
19c0 pe_info::iterate_imports  160 Found import in 'api-ms-win-core-console-l1-1-0.dll'
19c0 find_iat                  121 Found import at 00007FF6FF8A8558 (value is 00007FFC038BC420).
19c0 hook_setter::commit       204 <<< Hook transaction committed.
19c0 win_screen_buffer::begin  227 Using native terminal support; found 'ConEmuHk64.dll'.
19c0 history_db::initialise   1268 master bank ctag: |CTAG_1664460760_146361875_19304_0
19c0 history_db::compact      1492 History:  31 active, 32 deleted
